[ 2017-07-23T13:47:14+08:00 ] ERR: (ThinkException) 模板不存在[./Home/Tpl/User/show.html]
[ 2017-07-23T14:44:26+08:00 ] ERR: (ThinkException) 模板不存在[./Home/Tpl/my/Index/index.html]
[ 2017-07-23T14:55:57+08:00 ] ERR: (ThinkException) 非法操作:User
[ 2017-07-23T14:56:02+08:00 ] ERR: (ThinkException) 模板不存在[./Home/Tpl/my/User/index.html]
[ 2017-07-23T15:15:20+08:00 ] ERR: (ThinkException) 模板不存在[./Home/Tpl/Index/./Public/error.html]
[ 2017-07-23T17:24:09+08:00 ] ERR: (ThinkException) 模板不存在[./Home/Tpl/Index/index4.html]
[ 2017-07-23T17:25:02+08:00 ] ERR: (ThinkException) 模板不存在[./Home/Tpl/Index/index4.html]
[ 2017-07-23T18:01:13+08:00 ] ERR: (ThinkException) 非法操作:__CSS__
[ 2017-07-23T18:32:00+08:00 ] ERR: (ThinkException) 无法加载模块:Public
[ 2017-07-23T18:32:28+08:00 ] ERR: (ThinkException) 无法加载模块:Public
[ 2017-07-23T18:32:29+08:00 ] ERR: (ThinkException) 无法加载模块:Public
[ 2017-07-23T18:33:46+08:00 ] ERR: (ThinkException) 无法加载模块:Public
[ 2017-07-23T18:33:47+08:00 ] ERR: (ThinkException) 无法加载模块:Public
[ 2017-07-23T18:33:56+08:00 ] ERR: (ThinkException) 无法加载模块:Public
[ 2017-07-23T18:33:57+08:00 ] ERR: (ThinkException) 无法加载模块:Public
[ 2017-07-23T18:34:24+08:00 ] ERR: (ThinkException) 无法加载模块:Public
[ 2017-07-23T18:36:44+08:00 ] ERR: (ThinkException) 无法加载模块:Ublic
[ 2017-07-23T18:36:46+08:00 ] ERR: (ThinkException) 无法加载模块:Ublic
[ 2017-07-23T18:36:50+08:00 ] ERR: (ThinkException) 无法加载模块:Ublic
[ 2017-07-23T18:37:32+08:00 ] ERR: (ThinkException) 无法加载模块:Ublic
[ 2017-07-23T18:37:36+08:00 ] ERR: (ThinkException) 无法加载模块:Ublic
[ 2017-07-23T18:39:35+08:00 ] ERR: (ThinkException) 无法加载模块:Public
[ 2017-07-23T18:48:08+08:00 ] ERR: (ThinkException) 无法加载模块:Ublic
[ 2017-07-23T19:31:26+08:00 ] ERR: (ThinkException) 无法加载模块:Public
